# JRE version: OpenJDK Runtime Environment Temurin-17.0.18+8 (17.0.18+8) (build 17.0.18+8)
# Java VM: OpenJDK 64-Bit Server VM Temurin-17.0.18+8 (17.0.18+8, mixed mode, sharing, tiered, compressed oops, compressed class ptrs, g1 gc, windows-amd64)
GC Precious Log:
 CPUs: 6 total, 6 available
 Memory: 7564M
 Large Page Support: Disabled
 NUMA Support: Disabled
 Compressed Oops: Enabled (32-bit)
 Heap Region Size: 1M
 Heap Min Capacity: 8M
 Heap Initial Capacity: 120M
 Heap Max Capacity: 1892M
 Pre-touch: Disabled
 Parallel Workers: 6
 Concurrent Workers: 2
 Concurrent Refinement Workers: 6
 Periodic GC: Disabled
Heap:
 garbage-first heap   total 40960K, used 17521K [0x0000000089c00000, 0x0000000100000000)
  region size 1024K, 7 young (7168K), 2 survivors (2048K)
 Metaspace       used 32794K, committed 33216K, reserved 1114112K
  class space    used 3912K, committed 4096K, reserved 1048576K
GC Heap History (14 events):
Event: 5.392 GC heap before
{Heap before GC invocations=0 (full 0):
 garbage-first heap   total 122880K, used 20480K [0x0000000089c00000, 0x0000000100000000)
  region size 1024K, 21 young (21504K), 0 survivors (0K)
 Metaspace       used 6098K, committed 6272K, reserved 1114112K
  class space    used 743K, committed 832K, reserved 1048576K
}
Event: 5.435 GC heap after
{Heap after GC invocations=1 (full 0):
 garbage-first heap   total 122880K, used 4592K [0x0000000089c00000, 0x0000000100000000)
  region size 1024K, 3 young (3072K), 3 survivors (3072K)
 Metaspace       used 6098K, committed 6272K, reserved 1114112K
  class space    used 743K, committed 832K, reserved 1048576K
}
Event: 8.088 GC heap before
{Heap before GC invocations=1 (full 0):
 garbage-first heap   total 122880K, used 28144K [0x0000000089c00000, 0x0000000100000000)
  region size 1024K, 26 young (26624K), 3 survivors (3072K)
 Metaspace       used 12020K, committed 12224K, reserved 1114112K
  class space    used 1509K, committed 1600K, reserved 1048576K
}
Event: 8.095 GC heap after
{Heap after GC invocations=2 (full 0):
 garbage-first heap   total 122880K, used 6173K [0x0000000089c00000, 0x0000000100000000)
  region size 1024K, 2 young (2048K), 2 survivors (2048K)
 Metaspace       used 12020K, committed 12224K, reserved 1114112K
  class space    used 1509K, committed 1600K, reserved 1048576K
}
Event: 11.195 GC heap before
{Heap before GC invocations=2 (full 0):
 garbage-first heap   total 122880K, used 54301K [0x0000000089c00000, 0x0000000100000000)
  region size 1024K, 51 young (52224K), 2 survivors (2048K)
 Metaspace       used 21147K, committed 21504K, reserved 1114112K
  class space    used 2645K, committed 2816K, reserved 1048576K
}
Event: 11.207 GC heap after
{Heap after GC invocations=3 (full 0):
 garbage-first heap   total 122880K, used 10422K [0x0000000089c00000, 0x0000000100000000)
  region size 1024K, 6 young (6144K), 6 survivors (6144K)
 Metaspace       used 21147K, committed 21504K, reserved 1114112K
  class space    used 2645K, committed 2816K, reserved 1048576K
}
Event: 12.988 GC heap before
{Heap before GC invocations=4 (full 0):
 garbage-first heap   total 40960K, used 28854K [0x0000000089c00000, 0x0000000100000000)
  region size 1024K, 24 young (24576K), 6 survivors (6144K)
 Metaspace       used 25944K, committed 26304K, reserved 1114112K
  class space    used 3271K, committed 3456K, reserved 1048576K
}
Event: 13.006 GC heap after
{Heap after GC invocations=5 (full 0):
 garbage-first heap   total 40960K, used 12122K [0x0000000089c00000, 0x0000000100000000)
  region size 1024K, 2 young (2048K), 2 survivors (2048K)
 Metaspace       used 25944K, committed 26304K, reserved 1114112K
  class space    used 3271K, committed 3456K, reserved 1048576K
}
Event: 13.072 GC heap before
{Heap before GC invocations=5 (full 0):
 garbage-first heap   total 40960K, used 13146K [0x0000000089c00000, 0x0000000100000000)
  region size 1024K, 3 young (3072K), 2 survivors (2048K)
 Metaspace       used 26254K, committed 26624K, reserved 1114112K
  class space    used 3311K, committed 3456K, reserved 1048576K
}
Event: 13.075 GC heap after
{Heap after GC invocations=6 (full 0):
 garbage-first heap   total 40960K, used 12606K [0x0000000089c00000, 0x0000000100000000)
  region size 1024K, 1 young (1024K), 1 survivors (1024K)
 Metaspace       used 26254K, committed 26624K, reserved 1114112K
  class space    used 3311K, committed 3456K, reserved 1048576K
}
Event: 14.139 GC heap before
{Heap before GC invocations=6 (full 0):
 garbage-first heap   total 40960K, used 27966K [0x0000000089c00000, 0x0000000100000000)
  region size 1024K, 17 young (17408K), 1 survivors (1024K)
 Metaspace       used 31037K, committed 31424K, reserved 1114112K
  class space    used 3649K, committed 3840K, reserved 1048576K
}
Event: 14.141 GC heap after
{Heap after GC invocations=7 (full 0):
 garbage-first heap   total 40960K, used 13089K [0x0000000089c00000, 0x0000000100000000)
  region size 1024K, 1 young (1024K), 1 survivors (1024K)
 Metaspace       used 31037K, committed 31424K, reserved 1114112K
  class space    used 3649K, committed 3840K, reserved 1048576K
}
Event: 230.855 GC heap before
{Heap before GC invocations=7 (full 0):
 garbage-first heap   total 40960K, used 30497K [0x0000000089c00000, 0x0000000100000000)
  region size 1024K, 18 young (18432K), 1 survivors (1024K)
 Metaspace       used 32747K, committed 33152K, reserved 1114112K
  class space    used 3912K, committed 4096K, reserved 1048576K
}
Event: 230.898 GC heap after
{Heap after GC invocations=8 (full 0):
 garbage-first heap   total 40960K, used 13425K [0x0000000089c00000, 0x0000000100000000)
  region size 1024K, 2 young (2048K), 2 survivors (2048K)
 Metaspace       used 32747K, committed 33152K, reserved 1114112K
  class space    used 3912K, committed 4096K, reserved 1048576K
}

