# JRE version: OpenJDK Runtime Environment Temurin-17.0.18+8 (17.0.18+8) (build 17.0.18+8)
# Java VM: OpenJDK 64-Bit Server VM Temurin-17.0.18+8 (17.0.18+8, mixed mode, sharing, tiered, compressed oops, compressed class ptrs, g1 gc, windows-amd64)
GC Precious Log:
 CPUs: 6 total, 6 available
 Memory: 7564M
 Large Page Support: Disabled
 NUMA Support: Disabled
 Compressed Oops: Enabled (32-bit)
 Heap Region Size: 1M
 Heap Min Capacity: 8M
 Heap Initial Capacity: 120M
 Heap Max Capacity: 1892M
 Pre-touch: Disabled
 Parallel Workers: 6
 Concurrent Workers: 2
 Concurrent Refinement Workers: 6
 Periodic GC: Disabled
Heap:
 garbage-first heap   total 45056K, used 30221K [0x0000000089c00000, 0x0000000100000000)
  region size 1024K, 10 young (10240K), 1 survivors (1024K)
 Metaspace       used 46057K, committed 46528K, reserved 1114112K
  class space    used 5566K, committed 5760K, reserved 1048576K
GC Heap History (20 events):
Event: 13.172 GC heap before
{Heap before GC invocations=4 (full 0):
 garbage-first heap   total 45056K, used 30793K [0x0000000089c00000, 0x0000000100000000)
  region size 1024K, 26 young (26624K), 7 survivors (7168K)
 Metaspace       used 25537K, committed 25984K, reserved 1114112K
  class space    used 3174K, committed 3392K, reserved 1048576K
}
Event: 13.188 GC heap after
{Heap after GC invocations=5 (full 0):
 garbage-first heap   total 45056K, used 12992K [0x0000000089c00000, 0x0000000100000000)
  region size 1024K, 2 young (2048K), 2 survivors (2048K)
 Metaspace       used 25537K, committed 25984K, reserved 1114112K
  class space    used 3174K, committed 3392K, reserved 1048576K
}
Event: 13.306 GC heap before
{Heap before GC invocations=5 (full 0):
 garbage-first heap   total 45056K, used 14016K [0x0000000089c00000, 0x0000000100000000)
  region size 1024K, 3 young (3072K), 2 survivors (2048K)
 Metaspace       used 25759K, committed 26112K, reserved 1114112K
  class space    used 3210K, committed 3392K, reserved 1048576K
}
Event: 13.309 GC heap after
{Heap after GC invocations=6 (full 0):
 garbage-first heap   total 45056K, used 13573K [0x0000000089c00000, 0x0000000100000000)
  region size 1024K, 1 young (1024K), 1 survivors (1024K)
 Metaspace       used 25759K, committed 26112K, reserved 1114112K
  class space    used 3210K, committed 3392K, reserved 1048576K
}
Event: 14.655 GC heap before
{Heap before GC invocations=6 (full 0):
 garbage-first heap   total 45056K, used 30981K [0x0000000089c00000, 0x0000000100000000)
  region size 1024K, 18 young (18432K), 1 survivors (1024K)
 Metaspace       used 28781K, committed 29184K, reserved 1114112K
  class space    used 3608K, committed 3776K, reserved 1048576K
}
Event: 14.658 GC heap after
{Heap after GC invocations=7 (full 0):
 garbage-first heap   total 45056K, used 15003K [0x0000000089c00000, 0x0000000100000000)
  region size 1024K, 2 young (2048K), 2 survivors (2048K)
 Metaspace       used 28781K, committed 29184K, reserved 1114112K
  class space    used 3608K, committed 3776K, reserved 1048576K
}
Event: 15.747 GC heap before
{Heap before GC invocations=7 (full 0):
 garbage-first heap   total 45056K, used 32411K [0x0000000089c00000, 0x0000000100000000)
  region size 1024K, 19 young (19456K), 2 survivors (2048K)
 Metaspace       used 31069K, committed 31488K, reserved 1114112K
  class space    used 3931K, committed 4096K, reserved 1048576K
}
Event: 15.752 GC heap after
{Heap after GC invocations=8 (full 0):
 garbage-first heap   total 45056K, used 16763K [0x0000000089c00000, 0x0000000100000000)
  region size 1024K, 2 young (2048K), 2 survivors (2048K)
 Metaspace       used 31069K, committed 31488K, reserved 1114112K
  class space    used 3931K, committed 4096K, reserved 1048576K
}
Event: 17.295 GC heap before
{Heap before GC invocations=8 (full 0):
 garbage-first heap   total 45056K, used 32123K [0x0000000089c00000, 0x0000000100000000)
  region size 1024K, 18 young (18432K), 2 survivors (2048K)
 Metaspace       used 35434K, committed 35904K, reserved 1114112K
  class space    used 4419K, committed 4608K, reserved 1048576K
}
Event: 17.300 GC heap after
{Heap after GC invocations=9 (full 0):
 garbage-first heap   total 45056K, used 18067K [0x0000000089c00000, 0x0000000100000000)
  region size 1024K, 2 young (2048K), 2 survivors (2048K)
 Metaspace       used 35434K, committed 35904K, reserved 1114112K
  class space    used 4419K, committed 4608K, reserved 1048576K
}
Event: 17.355 GC heap before
{Heap before GC invocations=9 (full 0):
 garbage-first heap   total 45056K, used 18067K [0x0000000089c00000, 0x0000000100000000)
  region size 1024K, 3 young (3072K), 2 survivors (2048K)
 Metaspace       used 35616K, committed 36096K, reserved 1114112K
  class space    used 4428K, committed 4672K, reserved 1048576K
}
Event: 17.357 GC heap after
{Heap after GC invocations=10 (full 0):
 garbage-first heap   total 45056K, used 18069K [0x0000000089c00000, 0x0000000100000000)
  region size 1024K, 2 young (2048K), 2 survivors (2048K)
 Metaspace       used 35616K, committed 36096K, reserved 1114112K
  class space    used 4428K, committed 4672K, reserved 1048576K
}
Event: 19.135 GC heap before
{Heap before GC invocations=11 (full 0):
 garbage-first heap   total 45056K, used 32405K [0x0000000089c00000, 0x0000000100000000)
  region size 1024K, 17 young (17408K), 2 survivors (2048K)
 Metaspace       used 39870K, committed 40384K, reserved 1114112K
  class space    used 4748K, committed 4992K, reserved 1048576K
}
Event: 19.138 GC heap after
{Heap after GC invocations=12 (full 0):
 garbage-first heap   total 45056K, used 18772K [0x0000000089c00000, 0x0000000100000000)
  region size 1024K, 3 young (3072K), 3 survivors (3072K)
 Metaspace       used 39870K, committed 40384K, reserved 1114112K
  class space    used 4748K, committed 4992K, reserved 1048576K
}
Event: 28.825 GC heap before
{Heap before GC invocations=12 (full 0):
 garbage-first heap   total 45056K, used 33108K [0x0000000089c00000, 0x0000000100000000)
  region size 1024K, 18 young (18432K), 3 survivors (3072K)
 Metaspace       used 43253K, committed 43648K, reserved 1114112K
  class space    used 5266K, committed 5440K, reserved 1048576K
}
Event: 28.829 GC heap after
{Heap after GC invocations=13 (full 0):
 garbage-first heap   total 45056K, used 19770K [0x0000000089c00000, 0x0000000100000000)
  region size 1024K, 2 young (2048K), 2 survivors (2048K)
 Metaspace       used 43253K, committed 43648K, reserved 1114112K
  class space    used 5266K, committed 5440K, reserved 1048576K
}
Event: 75.874 GC heap before
{Heap before GC invocations=13 (full 0):
 garbage-first heap   total 45056K, used 34106K [0x0000000089c00000, 0x0000000100000000)
  region size 1024K, 17 young (17408K), 2 survivors (2048K)
 Metaspace       used 45780K, committed 46272K, reserved 1114112K
  class space    used 5564K, committed 5760K, reserved 1048576K
}
Event: 75.919 GC heap after
{Heap after GC invocations=14 (full 0):
 garbage-first heap   total 45056K, used 21760K [0x0000000089c00000, 0x0000000100000000)
  region size 1024K, 3 young (3072K), 3 survivors (3072K)
 Metaspace       used 45780K, committed 46272K, reserved 1114112K
  class space    used 5564K, committed 5760K, reserved 1048576K
}
Event: 213.842 GC heap before
{Heap before GC invocations=14 (full 0):
 garbage-first heap   total 45056K, used 35072K [0x0000000089c00000, 0x0000000100000000)
  region size 1024K, 16 young (16384K), 3 survivors (3072K)
 Metaspace       used 45969K, committed 46464K, reserved 1114112K
  class space    used 5566K, committed 5760K, reserved 1048576K
}
Event: 213.879 GC heap after
{Heap after GC invocations=15 (full 0):
 garbage-first heap   total 45056K, used 22029K [0x0000000089c00000, 0x0000000100000000)
  region size 1024K, 1 young (1024K), 1 survivors (1024K)
 Metaspace       used 45969K, committed 46464K, reserved 1114112K
  class space    used 5566K, committed 5760K, reserved 1048576K
}

