# JRE version: OpenJDK Runtime Environment Temurin-17.0.18+8 (17.0.18+8) (build 17.0.18+8)
# Java VM: OpenJDK 64-Bit Server VM Temurin-17.0.18+8 (17.0.18+8, mixed mode, sharing, tiered, compressed oops, compressed class ptrs, g1 gc, windows-amd64)
GC Precious Log:
 CPUs: 6 total, 6 available
 Memory: 7564M
 Large Page Support: Disabled
 NUMA Support: Disabled
 Compressed Oops: Enabled (32-bit)
 Heap Region Size: 1M
 Heap Min Capacity: 8M
 Heap Initial Capacity: 120M
 Heap Max Capacity: 1892M
 Pre-touch: Disabled
 Parallel Workers: 6
 Concurrent Workers: 2
 Concurrent Refinement Workers: 6
 Periodic GC: Disabled
Heap:
 garbage-first heap   total 45056K, used 16647K [0x0000000089c00000, 0x0000000100000000)
  region size 1024K, 4 young (4096K), 2 survivors (2048K)
 Metaspace       used 28886K, committed 29312K, reserved 1114112K
  class space    used 3623K, committed 3840K, reserved 1048576K
GC Heap History (12 events):
Event: 2.165 GC heap before
{Heap before GC invocations=0 (full 0):
 garbage-first heap   total 122880K, used 20480K [0x0000000089c00000, 0x0000000100000000)
  region size 1024K, 21 young (21504K), 0 survivors (0K)
 Metaspace       used 5956K, committed 6080K, reserved 1114112K
  class space    used 715K, committed 768K, reserved 1048576K
}
Event: 2.174 GC heap after
{Heap after GC invocations=1 (full 0):
 garbage-first heap   total 122880K, used 5088K [0x0000000089c00000, 0x0000000100000000)
  region size 1024K, 3 young (3072K), 3 survivors (3072K)
 Metaspace       used 5956K, committed 6080K, reserved 1114112K
  class space    used 715K, committed 768K, reserved 1048576K
}
Event: 2.975 GC heap before
{Heap before GC invocations=1 (full 0):
 garbage-first heap   total 122880K, used 27616K [0x0000000089c00000, 0x0000000100000000)
  region size 1024K, 26 young (26624K), 3 survivors (3072K)
 Metaspace       used 11669K, committed 11840K, reserved 1114112K
  class space    used 1405K, committed 1472K, reserved 1048576K
}
Event: 2.980 GC heap after
{Heap after GC invocations=2 (full 0):
 garbage-first heap   total 122880K, used 7055K [0x0000000089c00000, 0x0000000100000000)
  region size 1024K, 2 young (2048K), 2 survivors (2048K)
 Metaspace       used 11669K, committed 11840K, reserved 1114112K
  class space    used 1405K, committed 1472K, reserved 1048576K
}
Event: 6.420 GC heap before
{Heap before GC invocations=2 (full 0):
 garbage-first heap   total 122880K, used 63375K [0x0000000089c00000, 0x0000000100000000)
  region size 1024K, 58 young (59392K), 2 survivors (2048K)
 Metaspace       used 21241K, committed 21504K, reserved 1114112K
  class space    used 2617K, committed 2752K, reserved 1048576K
}
Event: 6.431 GC heap after
{Heap after GC invocations=3 (full 0):
 garbage-first heap   total 122880K, used 11526K [0x0000000089c00000, 0x0000000100000000)
  region size 1024K, 7 young (7168K), 7 survivors (7168K)
 Metaspace       used 21241K, committed 21504K, reserved 1114112K
  class space    used 2617K, committed 2752K, reserved 1048576K
}
Event: 7.957 GC heap before
{Heap before GC invocations=4 (full 0):
 garbage-first heap   total 45056K, used 30982K [0x0000000089c00000, 0x0000000100000000)
  region size 1024K, 26 young (26624K), 7 survivors (7168K)
 Metaspace       used 25549K, committed 25984K, reserved 1114112K
  class space    used 3176K, committed 3392K, reserved 1048576K
}
Event: 7.972 GC heap after
{Heap after GC invocations=5 (full 0):
 garbage-first heap   total 45056K, used 13216K [0x0000000089c00000, 0x0000000100000000)
  region size 1024K, 2 young (2048K), 2 survivors (2048K)
 Metaspace       used 25549K, committed 25984K, reserved 1114112K
  class space    used 3176K, committed 3392K, reserved 1048576K
}
Event: 8.141 GC heap before
{Heap before GC invocations=5 (full 0):
 garbage-first heap   total 45056K, used 14240K [0x0000000089c00000, 0x0000000100000000)
  region size 1024K, 3 young (3072K), 2 survivors (2048K)
 Metaspace       used 25765K, committed 26240K, reserved 1114112K
  class space    used 3202K, committed 3456K, reserved 1048576K
}
Event: 8.148 GC heap after
{Heap after GC invocations=6 (full 0):
 garbage-first heap   total 45056K, used 14292K [0x0000000089c00000, 0x0000000100000000)
  region size 1024K, 1 young (1024K), 1 survivors (1024K)
 Metaspace       used 25765K, committed 26240K, reserved 1114112K
  class space    used 3202K, committed 3456K, reserved 1048576K
}
Event: 12.588 GC heap before
{Heap before GC invocations=6 (full 0):
 garbage-first heap   total 45056K, used 31700K [0x0000000089c00000, 0x0000000100000000)
  region size 1024K, 18 young (18432K), 1 survivors (1024K)
 Metaspace       used 28739K, committed 29184K, reserved 1114112K
  class space    used 3606K, committed 3776K, reserved 1048576K
}
Event: 12.594 GC heap after
{Heap after GC invocations=7 (full 0):
 garbage-first heap   total 45056K, used 15623K [0x0000000089c00000, 0x0000000100000000)
  region size 1024K, 2 young (2048K), 2 survivors (2048K)
 Metaspace       used 28739K, committed 29184K, reserved 1114112K
  class space    used 3606K, committed 3776K, reserved 1048576K
}

