# JRE version: OpenJDK Runtime Environment Temurin-17.0.18+8 (17.0.18+8) (build 17.0.18+8)
# Java VM: OpenJDK 64-Bit Server VM Temurin-17.0.18+8 (17.0.18+8, mixed mode, sharing, tiered, compressed oops, compressed class ptrs, g1 gc, windows-amd64)
GC Precious Log:
 CPUs: 6 total, 6 available
 Memory: 7564M
 Large Page Support: Disabled
 NUMA Support: Disabled
 Compressed Oops: Enabled (32-bit)
 Heap Region Size: 1M
 Heap Min Capacity: 8M
 Heap Initial Capacity: 120M
 Heap Max Capacity: 1892M
 Pre-touch: Disabled
 Parallel Workers: 6
 Concurrent Workers: 2
 Concurrent Refinement Workers: 6
 Periodic GC: Disabled
Heap:
 garbage-first heap   total 48128K, used 22950K [0x0000000089c00000, 0x0000000100000000)
  region size 1024K, 2 young (2048K), 1 survivors (1024K)
 Metaspace       used 47841K, committed 48384K, reserved 1114112K
  class space    used 5787K, committed 6080K, reserved 1048576K
GC Heap History (20 events):
Event: 4.799 GC heap after
{Heap after GC invocations=3 (full 0):
 garbage-first heap   total 122880K, used 11554K [0x0000000089c00000, 0x0000000100000000)
  region size 1024K, 7 young (7168K), 7 survivors (7168K)
 Metaspace       used 21116K, committed 21504K, reserved 1114112K
  class space    used 2612K, committed 2816K, reserved 1048576K
}
Event: 6.482 GC heap before
{Heap before GC invocations=4 (full 0):
 garbage-first heap   total 48128K, used 33058K [0x0000000089c00000, 0x0000000100000000)
  region size 1024K, 28 young (28672K), 7 survivors (7168K)
 Metaspace       used 25809K, committed 26176K, reserved 1114112K
  class space    used 3228K, committed 3392K, reserved 1048576K
}
Event: 6.495 GC heap after
{Heap after GC invocations=5 (full 0):
 garbage-first heap   total 48128K, used 13787K [0x0000000089c00000, 0x0000000100000000)
  region size 1024K, 3 young (3072K), 3 survivors (3072K)
 Metaspace       used 25809K, committed 26176K, reserved 1114112K
  class space    used 3228K, committed 3392K, reserved 1048576K
}
Event: 7.355 GC heap before
{Heap before GC invocations=5 (full 0):
 garbage-first heap   total 48128K, used 31195K [0x0000000089c00000, 0x0000000100000000)
  region size 1024K, 21 young (21504K), 3 survivors (3072K)
 Metaspace       used 29000K, committed 29504K, reserved 1114112K
  class space    used 3645K, committed 3904K, reserved 1048576K
}
Event: 7.362 GC heap after
{Heap after GC invocations=6 (full 0):
 garbage-first heap   total 48128K, used 15663K [0x0000000089c00000, 0x0000000100000000)
  region size 1024K, 2 young (2048K), 2 survivors (2048K)
 Metaspace       used 29000K, committed 29504K, reserved 1114112K
  class space    used 3645K, committed 3904K, reserved 1048576K
}
Event: 8.159 GC heap before
{Heap before GC invocations=6 (full 0):
 garbage-first heap   total 48128K, used 33071K [0x0000000089c00000, 0x0000000100000000)
  region size 1024K, 20 young (20480K), 2 survivors (2048K)
 Metaspace       used 31644K, committed 32064K, reserved 1114112K
  class space    used 4020K, committed 4224K, reserved 1048576K
}
Event: 8.166 GC heap after
{Heap after GC invocations=7 (full 0):
 garbage-first heap   total 48128K, used 17028K [0x0000000089c00000, 0x0000000100000000)
  region size 1024K, 2 young (2048K), 2 survivors (2048K)
 Metaspace       used 31644K, committed 32064K, reserved 1114112K
  class space    used 4020K, committed 4224K, reserved 1048576K
}
Event: 9.110 GC heap before
{Heap before GC invocations=7 (full 0):
 garbage-first heap   total 48128K, used 31364K [0x0000000089c00000, 0x0000000100000000)
  region size 1024K, 17 young (17408K), 2 survivors (2048K)
 Metaspace       used 35568K, committed 35968K, reserved 1114112K
  class space    used 4429K, committed 4608K, reserved 1048576K
}
Event: 9.114 GC heap after
{Heap after GC invocations=8 (full 0):
 garbage-first heap   total 48128K, used 18189K [0x0000000089c00000, 0x0000000100000000)
  region size 1024K, 3 young (3072K), 3 survivors (3072K)
 Metaspace       used 35568K, committed 35968K, reserved 1114112K
  class space    used 4429K, committed 4608K, reserved 1048576K
}
Event: 10.066 GC heap before
{Heap before GC invocations=9 (full 0):
 garbage-first heap   total 48128K, used 34573K [0x0000000089c00000, 0x0000000100000000)
  region size 1024K, 20 young (20480K), 3 survivors (3072K)
 Metaspace       used 40256K, committed 40704K, reserved 1114112K
  class space    used 4804K, committed 5056K, reserved 1048576K
}
Event: 10.072 GC heap after
{Heap after GC invocations=10 (full 0):
 garbage-first heap   total 48128K, used 18892K [0x0000000089c00000, 0x0000000100000000)
  region size 1024K, 3 young (3072K), 3 survivors (3072K)
 Metaspace       used 40256K, committed 40704K, reserved 1114112K
  class space    used 4804K, committed 5056K, reserved 1048576K
}
Event: 38.113 GC heap before
{Heap before GC invocations=10 (full 0):
 garbage-first heap   total 48128K, used 34252K [0x0000000089c00000, 0x0000000100000000)
  region size 1024K, 19 young (19456K), 3 survivors (3072K)
 Metaspace       used 43624K, committed 44160K, reserved 1114112K
  class space    used 5294K, committed 5568K, reserved 1048576K
}
Event: 38.122 GC heap after
{Heap after GC invocations=11 (full 0):
 garbage-first heap   total 48128K, used 20250K [0x0000000089c00000, 0x0000000100000000)
  region size 1024K, 3 young (3072K), 3 survivors (3072K)
 Metaspace       used 43624K, committed 44160K, reserved 1114112K
  class space    used 5294K, committed 5568K, reserved 1048576K
}
Event: 40.682 GC heap before
{Heap before GC invocations=11 (full 0):
 garbage-first heap   total 48128K, used 36634K [0x0000000089c00000, 0x0000000100000000)
  region size 1024K, 19 young (19456K), 3 survivors (3072K)
 Metaspace       used 47050K, committed 47552K, reserved 1114112K
  class space    used 5712K, committed 5952K, reserved 1048576K
}
Event: 40.688 GC heap after
{Heap after GC invocations=12 (full 0):
 garbage-first heap   total 48128K, used 22547K [0x0000000089c00000, 0x0000000100000000)
  region size 1024K, 3 young (3072K), 3 survivors (3072K)
 Metaspace       used 47050K, committed 47552K, reserved 1114112K
  class space    used 5712K, committed 5952K, reserved 1048576K
}
Event: 143.407 GC heap before
{Heap before GC invocations=12 (full 0):
 garbage-first heap   total 48128K, used 36883K [0x0000000089c00000, 0x0000000100000000)
  region size 1024K, 17 young (17408K), 3 survivors (3072K)
 Metaspace       used 47671K, committed 48256K, reserved 1114112K
  class space    used 5788K, committed 6080K, reserved 1048576K
}
Event: 143.460 GC heap after
{Heap after GC invocations=13 (full 0):
 garbage-first heap   total 48128K, used 23094K [0x0000000089c00000, 0x0000000100000000)
  region size 1024K, 1 young (1024K), 1 survivors (1024K)
 Metaspace       used 47671K, committed 48256K, reserved 1114112K
  class space    used 5788K, committed 6080K, reserved 1048576K
}
Event: 321.106 GC heap before
{Heap before GC invocations=13 (full 0):
 garbage-first heap   total 48128K, used 37430K [0x0000000089c00000, 0x0000000100000000)
  region size 1024K, 15 young (15360K), 1 survivors (1024K)
 Metaspace       used 47829K, committed 48384K, reserved 1114112K
  class space    used 5788K, committed 6080K, reserved 1048576K
}
Event: 321.173 GC heap after
{Heap after GC invocations=14 (full 0):
 garbage-first heap   total 48128K, used 23004K [0x0000000089c00000, 0x0000000100000000)
  region size 1024K, 1 young (1024K), 1 survivors (1024K)
 Metaspace       used 47829K, committed 48384K, reserved 1114112K
  class space    used 5788K, committed 6080K, reserved 1048576K
}
Event: 481.979 GC heap before
{Heap before GC invocations=15 (full 0):
 garbage-first heap   total 48128K, used 37340K [0x0000000089c00000, 0x0000000100000000)
  region size 1024K, 15 young (15360K), 1 survivors (1024K)
 Metaspace       used 47841K, committed 48384K, reserved 1114112K
  class space    used 5787K, committed 6080K, reserved 1048576K
}

