# JRE version: OpenJDK Runtime Environment Temurin-17.0.18+8 (17.0.18+8) (build 17.0.18+8)
# Java VM: OpenJDK 64-Bit Server VM Temurin-17.0.18+8 (17.0.18+8, mixed mode, sharing, tiered, compressed oops, compressed class ptrs, g1 gc, windows-amd64)
GC Precious Log:
 CPUs: 6 total, 6 available
 Memory: 7564M
 Large Page Support: Disabled
 NUMA Support: Disabled
 Compressed Oops: Enabled (32-bit)
 Heap Region Size: 1M
 Heap Min Capacity: 8M
 Heap Initial Capacity: 120M
 Heap Max Capacity: 1892M
 Pre-touch: Disabled
 Parallel Workers: 6
 Concurrent Workers: 2
 Concurrent Refinement Workers: 6
 Periodic GC: Disabled
Heap:
 garbage-first heap   total 48128K, used 15703K [0x0000000089c00000, 0x0000000100000000)
  region size 1024K, 3 young (3072K), 2 survivors (2048K)
 Metaspace       used 29194K, committed 29568K, reserved 1114112K
  class space    used 3662K, committed 3840K, reserved 1048576K
GC Heap History (8 events):
Event: 3.069 GC heap before
{Heap before GC invocations=0 (full 0):
 garbage-first heap   total 122880K, used 20480K [0x0000000089c00000, 0x0000000100000000)
  region size 1024K, 21 young (21504K), 0 survivors (0K)
 Metaspace       used 5964K, committed 6080K, reserved 1114112K
  class space    used 716K, committed 768K, reserved 1048576K
}
Event: 3.089 GC heap after
{Heap after GC invocations=1 (full 0):
 garbage-first heap   total 122880K, used 5115K [0x0000000089c00000, 0x0000000100000000)
  region size 1024K, 3 young (3072K), 3 survivors (3072K)
 Metaspace       used 5964K, committed 6080K, reserved 1114112K
  class space    used 716K, committed 768K, reserved 1048576K
}
Event: 6.748 GC heap before
{Heap before GC invocations=1 (full 0):
 garbage-first heap   total 122880K, used 27643K [0x0000000089c00000, 0x0000000100000000)
  region size 1024K, 26 young (26624K), 3 survivors (3072K)
 Metaspace       used 11493K, committed 11712K, reserved 1114112K
  class space    used 1376K, committed 1472K, reserved 1048576K
}
Event: 6.755 GC heap after
{Heap after GC invocations=2 (full 0):
 garbage-first heap   total 122880K, used 7281K [0x0000000089c00000, 0x0000000100000000)
  region size 1024K, 2 young (2048K), 2 survivors (2048K)
 Metaspace       used 11493K, committed 11712K, reserved 1114112K
  class space    used 1376K, committed 1472K, reserved 1048576K
}
Event: 10.970 GC heap before
{Heap before GC invocations=2 (full 0):
 garbage-first heap   total 122880K, used 63601K [0x0000000089c00000, 0x0000000100000000)
  region size 1024K, 58 young (59392K), 2 survivors (2048K)
 Metaspace       used 21232K, committed 21504K, reserved 1114112K
  class space    used 2616K, committed 2752K, reserved 1048576K
}
Event: 10.986 GC heap after
{Heap after GC invocations=3 (full 0):
 garbage-first heap   total 122880K, used 11783K [0x0000000089c00000, 0x0000000100000000)
  region size 1024K, 7 young (7168K), 7 survivors (7168K)
 Metaspace       used 21232K, committed 21504K, reserved 1114112K
  class space    used 2616K, committed 2752K, reserved 1048576K
}
Event: 12.842 GC heap before
{Heap before GC invocations=4 (full 0):
 garbage-first heap   total 48128K, used 33287K [0x0000000089c00000, 0x0000000100000000)
  region size 1024K, 28 young (28672K), 7 survivors (7168K)
 Metaspace       used 25923K, committed 26432K, reserved 1114112K
  class space    used 3227K, committed 3456K, reserved 1048576K
}
Event: 12.862 GC heap after
{Heap after GC invocations=5 (full 0):
 garbage-first heap   total 48128K, used 13838K [0x0000000089c00000, 0x0000000100000000)
  region size 1024K, 3 young (3072K), 3 survivors (3072K)
 Metaspace       used 25923K, committed 26432K, reserved 1114112K
  class space    used 3227K, committed 3456K, reserved 1048576K
}

