# JRE version: OpenJDK Runtime Environment Temurin-17.0.18+8 (17.0.18+8) (build 17.0.18+8)
# Java VM: OpenJDK 64-Bit Server VM Temurin-17.0.18+8 (17.0.18+8, mixed mode, sharing, tiered, compressed oops, compressed class ptrs, g1 gc, windows-amd64)
GC Precious Log:
 CPUs: 6 total, 6 available
 Memory: 7564M
 Large Page Support: Disabled
 NUMA Support: Disabled
 Compressed Oops: Enabled (32-bit)
 Heap Region Size: 1M
 Heap Min Capacity: 8M
 Heap Initial Capacity: 120M
 Heap Max Capacity: 1892M
 Pre-touch: Disabled
 Parallel Workers: 6
 Concurrent Workers: 2
 Concurrent Refinement Workers: 6
 Periodic GC: Disabled
Heap:
 garbage-first heap   total 48128K, used 24871K [0x0000000089c00000, 0x0000000100000000)
  region size 1024K, 3 young (3072K), 1 survivors (1024K)
 Metaspace       used 48601K, committed 49152K, reserved 1114112K
  class space    used 5868K, committed 6144K, reserved 1048576K
GC Heap History (20 events):
Event: 6.986 GC heap before
{Heap before GC invocations=7 (full 0):
 garbage-first heap   total 48128K, used 33627K [0x0000000089c00000, 0x0000000100000000)
  region size 1024K, 19 young (19456K), 2 survivors (2048K)
 Metaspace       used 35485K, committed 35968K, reserved 1114112K
  class space    used 4426K, committed 4672K, reserved 1048576K
}
Event: 6.990 GC heap after
{Heap after GC invocations=8 (full 0):
 garbage-first heap   total 48128K, used 18445K [0x0000000089c00000, 0x0000000100000000)
  region size 1024K, 3 young (3072K), 3 survivors (3072K)
 Metaspace       used 35485K, committed 35968K, reserved 1114112K
  class space    used 4426K, committed 4672K, reserved 1048576K
}
Event: 7.743 GC heap before
{Heap before GC invocations=9 (full 0):
 garbage-first heap   total 48128K, used 33805K [0x0000000089c00000, 0x0000000100000000)
  region size 1024K, 19 young (19456K), 3 survivors (3072K)
 Metaspace       used 40080K, committed 40576K, reserved 1114112K
  class space    used 4774K, committed 4992K, reserved 1048576K
}
Event: 7.747 GC heap after
{Heap after GC invocations=10 (full 0):
 garbage-first heap   total 48128K, used 19343K [0x0000000089c00000, 0x0000000100000000)
  region size 1024K, 3 young (3072K), 3 survivors (3072K)
 Metaspace       used 40080K, committed 40576K, reserved 1114112K
  class space    used 4774K, committed 4992K, reserved 1048576K
}
Event: 17.282 GC heap before
{Heap before GC invocations=10 (full 0):
 garbage-first heap   total 48128K, used 34703K [0x0000000089c00000, 0x0000000100000000)
  region size 1024K, 19 young (19456K), 3 survivors (3072K)
 Metaspace       used 43433K, committed 43904K, reserved 1114112K
  class space    used 5276K, committed 5504K, reserved 1048576K
}
Event: 17.286 GC heap after
{Heap after GC invocations=11 (full 0):
 garbage-first heap   total 48128K, used 20275K [0x0000000089c00000, 0x0000000100000000)
  region size 1024K, 2 young (2048K), 2 survivors (2048K)
 Metaspace       used 43433K, committed 43904K, reserved 1114112K
  class space    used 5276K, committed 5504K, reserved 1048576K
}
Event: 20.739 GC heap before
{Heap before GC invocations=11 (full 0):
 garbage-first heap   total 48128K, used 36659K [0x0000000089c00000, 0x0000000100000000)
  region size 1024K, 18 young (18432K), 2 survivors (2048K)
 Metaspace       used 46804K, committed 47296K, reserved 1114112K
  class space    used 5724K, committed 5952K, reserved 1048576K
}
Event: 20.743 GC heap after
{Heap after GC invocations=12 (full 0):
 garbage-first heap   total 48128K, used 22929K [0x0000000089c00000, 0x0000000100000000)
  region size 1024K, 3 young (3072K), 3 survivors (3072K)
 Metaspace       used 46804K, committed 47296K, reserved 1114112K
  class space    used 5724K, committed 5952K, reserved 1048576K
}
Event: 64.613 GC heap before
{Heap before GC invocations=12 (full 0):
 garbage-first heap   total 48128K, used 35217K [0x0000000089c00000, 0x0000000100000000)
  region size 1024K, 16 young (16384K), 3 survivors (3072K)
 Metaspace       used 48088K, committed 48640K, reserved 1114112K
  class space    used 5841K, committed 6080K, reserved 1048576K
}
Event: 64.616 GC heap after
{Heap after GC invocations=13 (full 0):
 garbage-first heap   total 48128K, used 24035K [0x0000000089c00000, 0x0000000100000000)
  region size 1024K, 1 young (1024K), 1 survivors (1024K)
 Metaspace       used 48088K, committed 48640K, reserved 1114112K
  class space    used 5841K, committed 6080K, reserved 1048576K
}
Event: 142.030 GC heap before
{Heap before GC invocations=13 (full 0):
 garbage-first heap   total 48128K, used 37347K [0x0000000089c00000, 0x0000000100000000)
  region size 1024K, 14 young (14336K), 1 survivors (1024K)
 Metaspace       used 48335K, committed 48832K, reserved 1114112K
  class space    used 5862K, committed 6080K, reserved 1048576K
}
Event: 142.036 GC heap after
{Heap after GC invocations=14 (full 0):
 garbage-first heap   total 48128K, used 23928K [0x0000000089c00000, 0x0000000100000000)
  region size 1024K, 1 young (1024K), 1 survivors (1024K)
 Metaspace       used 48335K, committed 48832K, reserved 1114112K
  class space    used 5862K, committed 6080K, reserved 1048576K
}
Event: 248.437 GC heap before
{Heap before GC invocations=15 (full 0):
 garbage-first heap   total 48128K, used 37240K [0x0000000089c00000, 0x0000000100000000)
  region size 1024K, 14 young (14336K), 1 survivors (1024K)
 Metaspace       used 48400K, committed 48896K, reserved 1114112K
  class space    used 5861K, committed 6080K, reserved 1048576K
}
Event: 248.501 GC heap after
{Heap after GC invocations=16 (full 0):
 garbage-first heap   total 48128K, used 23869K [0x0000000089c00000, 0x0000000100000000)
  region size 1024K, 1 young (1024K), 1 survivors (1024K)
 Metaspace       used 48400K, committed 48896K, reserved 1114112K
  class space    used 5861K, committed 6080K, reserved 1048576K
}
Event: 256.221 GC heap before
{Heap before GC invocations=16 (full 0):
 garbage-first heap   total 48128K, used 24893K [0x0000000089c00000, 0x0000000100000000)
  region size 1024K, 2 young (2048K), 1 survivors (1024K)
 Metaspace       used 48401K, committed 48896K, reserved 1114112K
  class space    used 5861K, committed 6080K, reserved 1048576K
}
Event: 256.240 GC heap after
{Heap after GC invocations=17 (full 0):
 garbage-first heap   total 48128K, used 23826K [0x0000000089c00000, 0x0000000100000000)
  region size 1024K, 1 young (1024K), 1 survivors (1024K)
 Metaspace       used 48401K, committed 48896K, reserved 1114112K
  class space    used 5861K, committed 6080K, reserved 1048576K
}
Event: 367.091 GC heap before
{Heap before GC invocations=17 (full 0):
 garbage-first heap   total 48128K, used 38162K [0x0000000089c00000, 0x0000000100000000)
  region size 1024K, 15 young (15360K), 1 survivors (1024K)
 Metaspace       used 48509K, committed 49024K, reserved 1114112K
  class space    used 5865K, committed 6080K, reserved 1048576K
}
Event: 367.139 GC heap after
{Heap after GC invocations=18 (full 0):
 garbage-first heap   total 48128K, used 23841K [0x0000000089c00000, 0x0000000100000000)
  region size 1024K, 1 young (1024K), 1 survivors (1024K)
 Metaspace       used 48509K, committed 49024K, reserved 1114112K
  class space    used 5865K, committed 6080K, reserved 1048576K
}
Event: 483.654 GC heap before
{Heap before GC invocations=19 (full 0):
 garbage-first heap   total 48128K, used 38177K [0x0000000089c00000, 0x0000000100000000)
  region size 1024K, 15 young (15360K), 1 survivors (1024K)
 Metaspace       used 48601K, committed 49152K, reserved 1114112K
  class space    used 5868K, committed 6144K, reserved 1048576K
}
Event: 483.691 GC heap after
{Heap after GC invocations=20 (full 0):
 garbage-first heap   total 48128K, used 23847K [0x0000000089c00000, 0x0000000100000000)
  region size 1024K, 1 young (1024K), 1 survivors (1024K)
 Metaspace       used 48601K, committed 49152K, reserved 1114112K
  class space    used 5868K, committed 6144K, reserved 1048576K
}

