# JRE version: OpenJDK Runtime Environment Temurin-17.0.18+8 (17.0.18+8) (build 17.0.18+8)
# Java VM: OpenJDK 64-Bit Server VM Temurin-17.0.18+8 (17.0.18+8, mixed mode, sharing, tiered, compressed oops, compressed class ptrs, g1 gc, windows-amd64)
GC Precious Log:
 CPUs: 6 total, 6 available
 Memory: 7564M
 Large Page Support: Disabled
 NUMA Support: Disabled
 Compressed Oops: Enabled (32-bit)
 Heap Region Size: 1M
 Heap Min Capacity: 8M
 Heap Initial Capacity: 120M
 Heap Max Capacity: 1892M
 Pre-touch: Disabled
 Parallel Workers: 6
 Concurrent Workers: 2
 Concurrent Refinement Workers: 6
 Periodic GC: Disabled
Heap:
 garbage-first heap   total 45056K, used 26376K [0x0000000089c00000, 0x0000000100000000)
  region size 1024K, 5 young (5120K), 1 survivors (1024K)
 Metaspace       used 48400K, committed 48960K, reserved 1114112K
  class space    used 5850K, committed 6144K, reserved 1048576K
GC Heap History (20 events):
Event: 9.379 GC heap before
{Heap before GC invocations=8 (full 0):
 garbage-first heap   total 45056K, used 31999K [0x0000000089c00000, 0x0000000100000000)
  region size 1024K, 18 young (18432K), 2 survivors (2048K)
 Metaspace       used 34945K, committed 35392K, reserved 1114112K
  class space    used 4394K, committed 4608K, reserved 1048576K
}
Event: 9.384 GC heap after
{Heap after GC invocations=9 (full 0):
 garbage-first heap   total 45056K, used 17765K [0x0000000089c00000, 0x0000000100000000)
  region size 1024K, 3 young (3072K), 3 survivors (3072K)
 Metaspace       used 34945K, committed 35392K, reserved 1114112K
  class space    used 4394K, committed 4608K, reserved 1048576K
}
Event: 9.454 GC heap before
{Heap before GC invocations=9 (full 0):
 garbage-first heap   total 45056K, used 20837K [0x0000000089c00000, 0x0000000100000000)
  region size 1024K, 7 young (7168K), 3 survivors (3072K)
 Metaspace       used 35545K, committed 35968K, reserved 1114112K
  class space    used 4442K, committed 4672K, reserved 1048576K
}
Event: 9.457 GC heap after
{Heap after GC invocations=10 (full 0):
 garbage-first heap   total 45056K, used 18328K [0x0000000089c00000, 0x0000000100000000)
  region size 1024K, 2 young (2048K), 2 survivors (2048K)
 Metaspace       used 35545K, committed 35968K, reserved 1114112K
  class space    used 4442K, committed 4672K, reserved 1048576K
}
Event: 10.033 GC heap before
{Heap before GC invocations=11 (full 0):
 garbage-first heap   total 45056K, used 32664K [0x0000000089c00000, 0x0000000100000000)
  region size 1024K, 17 young (17408K), 2 survivors (2048K)
 Metaspace       used 39928K, committed 40448K, reserved 1114112K
  class space    used 4758K, committed 4992K, reserved 1048576K
}
Event: 10.036 GC heap after
{Heap after GC invocations=12 (full 0):
 garbage-first heap   total 45056K, used 19090K [0x0000000089c00000, 0x0000000100000000)
  region size 1024K, 2 young (2048K), 2 survivors (2048K)
 Metaspace       used 39928K, committed 40448K, reserved 1114112K
  class space    used 4758K, committed 4992K, reserved 1048576K
}
Event: 12.646 GC heap before
{Heap before GC invocations=12 (full 0):
 garbage-first heap   total 45056K, used 33426K [0x0000000089c00000, 0x0000000100000000)
  region size 1024K, 17 young (17408K), 2 survivors (2048K)
 Metaspace       used 43369K, committed 43776K, reserved 1114112K
  class space    used 5278K, committed 5440K, reserved 1048576K
}
Event: 12.652 GC heap after
{Heap after GC invocations=13 (full 0):
 garbage-first heap   total 45056K, used 19993K [0x0000000089c00000, 0x0000000100000000)
  region size 1024K, 3 young (3072K), 3 survivors (3072K)
 Metaspace       used 43369K, committed 43776K, reserved 1114112K
  class space    used 5278K, committed 5440K, reserved 1048576K
}
Event: 17.112 GC heap before
{Heap before GC invocations=13 (full 0):
 garbage-first heap   total 45056K, used 34329K [0x0000000089c00000, 0x0000000100000000)
  region size 1024K, 17 young (17408K), 3 survivors (3072K)
 Metaspace       used 46300K, committed 46784K, reserved 1114112K
  class space    used 5660K, committed 5888K, reserved 1048576K
}
Event: 17.117 GC heap after
{Heap after GC invocations=14 (full 0):
 garbage-first heap   total 45056K, used 22207K [0x0000000089c00000, 0x0000000100000000)
  region size 1024K, 3 young (3072K), 3 survivors (3072K)
 Metaspace       used 46300K, committed 46784K, reserved 1114112K
  class space    used 5660K, committed 5888K, reserved 1048576K
}
Event: 49.468 GC heap before
{Heap before GC invocations=14 (full 0):
 garbage-first heap   total 45056K, used 33471K [0x0000000089c00000, 0x0000000100000000)
  region size 1024K, 15 young (15360K), 3 survivors (3072K)
 Metaspace       used 47561K, committed 48064K, reserved 1114112K
  class space    used 5777K, committed 6016K, reserved 1048576K
}
Event: 49.474 GC heap after
{Heap after GC invocations=15 (full 0):
 garbage-first heap   total 45056K, used 23290K [0x0000000089c00000, 0x0000000100000000)
  region size 1024K, 2 young (2048K), 2 survivors (2048K)
 Metaspace       used 47561K, committed 48064K, reserved 1114112K
  class space    used 5777K, committed 6016K, reserved 1048576K
}
Event: 107.570 GC heap before
{Heap before GC invocations=15 (full 0):
 garbage-first heap   total 45056K, used 34554K [0x0000000089c00000, 0x0000000100000000)
  region size 1024K, 13 young (13312K), 2 survivors (2048K)
 Metaspace       used 47744K, committed 48320K, reserved 1114112K
  class space    used 5799K, committed 6080K, reserved 1048576K
}
Event: 107.600 GC heap after
{Heap after GC invocations=16 (full 0):
 garbage-first heap   total 45056K, used 23137K [0x0000000089c00000, 0x0000000100000000)
  region size 1024K, 1 young (1024K), 1 survivors (1024K)
 Metaspace       used 47744K, committed 48320K, reserved 1114112K
  class space    used 5799K, committed 6080K, reserved 1048576K
}
Event: 196.010 GC heap before
{Heap before GC invocations=17 (full 0):
 garbage-first heap   total 45056K, used 35425K [0x0000000089c00000, 0x0000000100000000)
  region size 1024K, 13 young (13312K), 1 survivors (1024K)
 Metaspace       used 47905K, committed 48448K, reserved 1114112K
  class space    used 5802K, committed 6080K, reserved 1048576K
}
Event: 196.029 GC heap after
{Heap after GC invocations=18 (full 0):
 garbage-first heap   total 45056K, used 23355K [0x0000000089c00000, 0x0000000100000000)
  region size 1024K, 2 young (2048K), 2 survivors (2048K)
 Metaspace       used 47905K, committed 48448K, reserved 1114112K
  class space    used 5802K, committed 6080K, reserved 1048576K
}
Event: 271.421 GC heap before
{Heap before GC invocations=18 (full 0):
 garbage-first heap   total 45056K, used 35643K [0x0000000089c00000, 0x0000000100000000)
  region size 1024K, 14 young (14336K), 2 survivors (2048K)
 Metaspace       used 48256K, committed 48896K, reserved 1114112K
  class space    used 5850K, committed 6144K, reserved 1048576K
}
Event: 271.459 GC heap after
{Heap after GC invocations=19 (full 0):
 garbage-first heap   total 45056K, used 23284K [0x0000000089c00000, 0x0000000100000000)
  region size 1024K, 1 young (1024K), 1 survivors (1024K)
 Metaspace       used 48256K, committed 48896K, reserved 1114112K
  class space    used 5850K, committed 6144K, reserved 1048576K
}
Event: 358.430 GC heap before
{Heap before GC invocations=20 (full 0):
 garbage-first heap   total 45056K, used 35572K [0x0000000089c00000, 0x0000000100000000)
  region size 1024K, 13 young (13312K), 1 survivors (1024K)
 Metaspace       used 48391K, committed 48960K, reserved 1114112K
  class space    used 5850K, committed 6144K, reserved 1048576K
}
Event: 358.455 GC heap after
{Heap after GC invocations=21 (full 0):
 garbage-first heap   total 45056K, used 23304K [0x0000000089c00000, 0x0000000100000000)
  region size 1024K, 1 young (1024K), 1 survivors (1024K)
 Metaspace       used 48391K, committed 48960K, reserved 1114112K
  class space    used 5850K, committed 6144K, reserved 1048576K
}

