# JRE version: OpenJDK Runtime Environment Temurin-21.0.10+7 (21.0.10+7) (build 21.0.10+7-LTS)
# Java VM: OpenJDK 64-Bit Server VM Temurin-21.0.10+7 (21.0.10+7-LTS, mixed mode, sharing, tiered, compressed oops, compressed class ptrs, parallel gc, windows-amd64)
GC Precious Log:
 CardTable entry size: 512
 CPUs: 6 total, 6 available
 Memory: 7564M
 Large Page Support: Disabled
 NUMA Support: Disabled
 Compressed Oops: Enabled (32-bit)
 Alignments: Space 512K, Generation 512K, Heap 2M
 Heap Min Capacity: 100M
 Heap Initial Capacity: 100M
 Heap Max Capacity: 2G
 Pre-touch: Disabled
 Parallel Workers: 6
Heap:
 PSYoungGen      total 4096K, used 3013K [0x00000000d5580000, 0x00000000d5a80000, 0x0000000100000000)
  eden space 3584K, 77% used [0x00000000d5580000,0x00000000d5839528,0x00000000d5900000)
  from space 512K, 43% used [0x00000000d5a00000,0x00000000d5a38000,0x00000000d5a80000)
  to   space 512K, 0% used [0x00000000d5980000,0x00000000d5980000,0x00000000d5a00000)
 ParOldGen       total 1079296K, used 1078808K [0x0000000080000000, 0x00000000c1e00000, 0x00000000d5580000)
  object space 1079296K, 99% used [0x0000000080000000,0x00000000c1d862c0,0x00000000c1e00000)
 Metaspace       used 93500K, committed 95360K, reserved 1179648K
  class space    used 9656K, committed 10432K, reserved 1048576K
GC Heap History (20 events):
Event: 15628.445 GC heap before
{Heap before GC invocations=1657 (full 4):
 PSYoungGen      total 4096K, used 3968K [0x00000000d5580000, 0x00000000d5a80000, 0x0000000100000000)
  eden space 3584K, 100% used [0x00000000d5580000,0x00000000d5900000,0x00000000d5900000)
  from space 512K, 75% used [0x00000000d5a00000,0x00000000d5a60000,0x00000000d5a80000)
  to   space 512K, 0% used [0x00000000d5980000,0x00000000d5980000,0x00000000d5a00000)
 ParOldGen       total 1075712K, used 1075690K [0x0000000080000000, 0x00000000c1a80000, 0x00000000d5580000)
  object space 1075712K, 99% used [0x0000000080000000,0x00000000c1a7aad8,0x00000000c1a80000)
 Metaspace       used 91453K, committed 93248K, reserved 1179648K
  class space    used 9356K, committed 10112K, reserved 1048576K
}
Event: 15628.448 GC heap after
{Heap after GC invocations=1657 (full 4):
 PSYoungGen      total 4096K, used 352K [0x00000000d5580000, 0x00000000d5a80000, 0x0000000100000000)
  eden space 3584K, 0% used [0x00000000d5580000,0x00000000d5580000,0x00000000d5900000)
  from space 512K, 68% used [0x00000000d5980000,0x00000000d59d8000,0x00000000d5a00000)
  to   space 512K, 0% used [0x00000000d5a00000,0x00000000d5a00000,0x00000000d5a80000)
 ParOldGen       total 1076224K, used 1075986K [0x0000000080000000, 0x00000000c1b00000, 0x00000000d5580000)
  object space 1076224K, 99% used [0x0000000080000000,0x00000000c1ac4ad8,0x00000000c1b00000)
 Metaspace       used 91453K, committed 93248K, reserved 1179648K
  class space    used 9356K, committed 10112K, reserved 1048576K
}
Event: 15628.552 GC heap before
{Heap before GC invocations=1658 (full 4):
 PSYoungGen      total 4096K, used 3935K [0x00000000d5580000, 0x00000000d5a80000, 0x0000000100000000)
  eden space 3584K, 99% used [0x00000000d5580000,0x00000000d58ffff8,0x00000000d5900000)
  from space 512K, 68% used [0x00000000d5980000,0x00000000d59d8000,0x00000000d5a00000)
  to   space 512K, 0% used [0x00000000d5a00000,0x00000000d5a00000,0x00000000d5a80000)
 ParOldGen       total 1076224K, used 1075986K [0x0000000080000000, 0x00000000c1b00000, 0x00000000d5580000)
  object space 1076224K, 99% used [0x0000000080000000,0x00000000c1ac4ad8,0x00000000c1b00000)
 Metaspace       used 91468K, committed 93248K, reserved 1179648K
  class space    used 9356K, committed 10112K, reserved 1048576K
}
Event: 15628.556 GC heap after
{Heap after GC invocations=1658 (full 4):
 PSYoungGen      total 4096K, used 500K [0x00000000d5580000, 0x00000000d5b00000, 0x0000000100000000)
  eden space 3584K, 0% used [0x00000000d5580000,0x00000000d5580000,0x00000000d5900000)
  from space 512K, 97% used [0x00000000d5a00000,0x00000000d5a7d200,0x00000000d5a80000)
  to   space 1024K, 0% used [0x00000000d5900000,0x00000000d5900000,0x00000000d5a00000)
 ParOldGen       total 1076736K, used 1076290K [0x0000000080000000, 0x00000000c1b80000, 0x00000000d5580000)
  object space 1076736K, 99% used [0x0000000080000000,0x00000000c1b10ad8,0x00000000c1b80000)
 Metaspace       used 91468K, committed 93248K, reserved 1179648K
  class space    used 9356K, committed 10112K, reserved 1048576K
}
Event: 15628.628 GC heap before
{Heap before GC invocations=1659 (full 4):
 PSYoungGen      total 4096K, used 3890K [0x00000000d5580000, 0x00000000d5b00000, 0x0000000100000000)
  eden space 3584K, 94% used [0x00000000d5580000,0x00000000d58cf7d0,0x00000000d5900000)
  from space 512K, 97% used [0x00000000d5a00000,0x00000000d5a7d200,0x00000000d5a80000)
  to   space 1024K, 0% used [0x00000000d5900000,0x00000000d5900000,0x00000000d5a00000)
 ParOldGen       total 1076736K, used 1076290K [0x0000000080000000, 0x00000000c1b80000, 0x00000000d5580000)
  object space 1076736K, 99% used [0x0000000080000000,0x00000000c1b10ad8,0x00000000c1b80000)
 Metaspace       used 91471K, committed 93248K, reserved 1179648K
  class space    used 9357K, committed 10112K, reserved 1048576K
}
Event: 15628.634 GC heap after
{Heap after GC invocations=1659 (full 4):
 PSYoungGen      total 4608K, used 416K [0x00000000d5580000, 0x00000000d5b00000, 0x0000000100000000)
  eden space 3584K, 0% used [0x00000000d5580000,0x00000000d5580000,0x00000000d5900000)
  from space 1024K, 40% used [0x00000000d5900000,0x00000000d5968000,0x00000000d5a00000)
  to   space 1024K, 0% used [0x00000000d5a00000,0x00000000d5a00000,0x00000000d5b00000)
 ParOldGen       total 1076736K, used 1076720K [0x0000000080000000, 0x00000000c1b80000, 0x00000000d5580000)
  object space 1076736K, 99% used [0x0000000080000000,0x00000000c1b7c1f8,0x00000000c1b80000)
 Metaspace       used 91471K, committed 93248K, reserved 1179648K
  class space    used 9357K, committed 10112K, reserved 1048576K
}
Event: 15628.772 GC heap before
{Heap before GC invocations=1660 (full 4):
 PSYoungGen      total 4608K, used 3992K [0x00000000d5580000, 0x00000000d5b00000, 0x0000000100000000)
  eden space 3584K, 99% used [0x00000000d5580000,0x00000000d58fe080,0x00000000d5900000)
  from space 1024K, 40% used [0x00000000d5900000,0x00000000d5968000,0x00000000d5a00000)
  to   space 1024K, 0% used [0x00000000d5a00000,0x00000000d5a00000,0x00000000d5b00000)
 ParOldGen       total 1076736K, used 1076720K [0x0000000080000000, 0x00000000c1b80000, 0x00000000d5580000)
  object space 1076736K, 99% used [0x0000000080000000,0x00000000c1b7c1f8,0x00000000c1b80000)
 Metaspace       used 91554K, committed 93312K, reserved 1179648K
  class space    used 9372K, committed 10112K, reserved 1048576K
}
Event: 15628.775 GC heap after
{Heap after GC invocations=1660 (full 4):
 PSYoungGen      total 4608K, used 598K [0x00000000d5580000, 0x00000000d5b00000, 0x0000000100000000)
  eden space 3584K, 0% used [0x00000000d5580000,0x00000000d5580000,0x00000000d5900000)
  from space 1024K, 58% used [0x00000000d5a00000,0x00000000d5a95af8,0x00000000d5b00000)
  to   space 1024K, 0% used [0x00000000d5900000,0x00000000d5900000,0x00000000d5a00000)
 ParOldGen       total 1077248K, used 1077031K [0x0000000080000000, 0x00000000c1c00000, 0x00000000d5580000)
  object space 1077248K, 99% used [0x0000000080000000,0x00000000c1bc9d58,0x00000000c1c00000)
 Metaspace       used 91554K, committed 93312K, reserved 1179648K
  class space    used 9372K, committed 10112K, reserved 1048576K
}
Event: 15628.780 GC heap before
{Heap before GC invocations=1661 (full 4):
 PSYoungGen      total 4608K, used 4182K [0x00000000d5580000, 0x00000000d5b00000, 0x0000000100000000)
  eden space 3584K, 100% used [0x00000000d5580000,0x00000000d5900000,0x00000000d5900000)
  from space 1024K, 58% used [0x00000000d5a00000,0x00000000d5a95af8,0x00000000d5b00000)
  to   space 1024K, 0% used [0x00000000d5900000,0x00000000d5900000,0x00000000d5a00000)
 ParOldGen       total 1077248K, used 1077031K [0x0000000080000000, 0x00000000c1c00000, 0x00000000d5580000)
  object space 1077248K, 99% used [0x0000000080000000,0x00000000c1bc9d58,0x00000000c1c00000)
 Metaspace       used 91554K, committed 93312K, reserved 1179648K
  class space    used 9372K, committed 10112K, reserved 1048576K
}
Event: 15628.784 GC heap after
{Heap after GC invocations=1661 (full 4):
 PSYoungGen      total 4608K, used 640K [0x00000000d5580000, 0x00000000d5b00000, 0x0000000100000000)
  eden space 3584K, 0% used [0x00000000d5580000,0x00000000d5580000,0x00000000d5900000)
  from space 1024K, 62% used [0x00000000d5900000,0x00000000d59a0000,0x00000000d5a00000)
  to   space 1024K, 0% used [0x00000000d5a00000,0x00000000d5a00000,0x00000000d5b00000)
 ParOldGen       total 1077760K, used 1077352K [0x0000000080000000, 0x00000000c1c80000, 0x00000000d5580000)
  object space 1077760K, 99% used [0x0000000080000000,0x00000000c1c1a158,0x00000000c1c80000)
 Metaspace       used 91554K, committed 93312K, reserved 1179648K
  class space    used 9372K, committed 10112K, reserved 1048576K
}
Event: 15628.789 GC heap before
{Heap before GC invocations=1662 (full 4):
 PSYoungGen      total 4608K, used 4224K [0x00000000d5580000, 0x00000000d5b00000, 0x0000000100000000)
  eden space 3584K, 100% used [0x00000000d5580000,0x00000000d5900000,0x00000000d5900000)
  from space 1024K, 62% used [0x00000000d5900000,0x00000000d59a0000,0x00000000d5a00000)
  to   space 1024K, 0% used [0x00000000d5a00000,0x00000000d5a00000,0x00000000d5b00000)
 ParOldGen       total 1077760K, used 1077352K [0x0000000080000000, 0x00000000c1c80000, 0x00000000d5580000)
  object space 1077760K, 99% used [0x0000000080000000,0x00000000c1c1a158,0x00000000c1c80000)
 Metaspace       used 91554K, committed 93312K, reserved 1179648K
  class space    used 9372K, committed 10112K, reserved 1048576K
}
Event: 15628.792 GC heap after
{Heap after GC invocations=1662 (full 4):
 PSYoungGen      total 4096K, used 288K [0x00000000d5580000, 0x00000000d5a80000, 0x0000000100000000)
  eden space 3584K, 0% used [0x00000000d5580000,0x00000000d5580000,0x00000000d5900000)
  from space 512K, 56% used [0x00000000d5a00000,0x00000000d5a48000,0x00000000d5a80000)
  to   space 512K, 0% used [0x00000000d5980000,0x00000000d5980000,0x00000000d5a00000)
 ParOldGen       total 1078272K, used 1077904K [0x0000000080000000, 0x00000000c1d00000, 0x00000000d5580000)
  object space 1078272K, 99% used [0x0000000080000000,0x00000000c1ca4158,0x00000000c1d00000)
 Metaspace       used 91554K, committed 93312K, reserved 1179648K
  class space    used 9372K, committed 10112K, reserved 1048576K
}
Event: 15629.120 GC heap before
{Heap before GC invocations=1663 (full 4):
 PSYoungGen      total 4096K, used 3865K [0x00000000d5580000, 0x00000000d5a80000, 0x0000000100000000)
  eden space 3584K, 99% used [0x00000000d5580000,0x00000000d58fe658,0x00000000d5900000)
  from space 512K, 56% used [0x00000000d5a00000,0x00000000d5a48000,0x00000000d5a80000)
  to   space 512K, 0% used [0x00000000d5980000,0x00000000d5980000,0x00000000d5a00000)
 ParOldGen       total 1078272K, used 1077904K [0x0000000080000000, 0x00000000c1d00000, 0x00000000d5580000)
  object space 1078272K, 99% used [0x0000000080000000,0x00000000c1ca4158,0x00000000c1d00000)
 Metaspace       used 91675K, committed 93504K, reserved 1179648K
  class space    used 9379K, committed 10176K, reserved 1048576K
}
Event: 15629.122 GC heap after
{Heap after GC invocations=1663 (full 4):
 PSYoungGen      total 4096K, used 480K [0x00000000d5580000, 0x00000000d5b00000, 0x0000000100000000)
  eden space 3584K, 0% used [0x00000000d5580000,0x00000000d5580000,0x00000000d5900000)
  from space 512K, 93% used [0x00000000d5980000,0x00000000d59f8000,0x00000000d5a00000)
  to   space 1024K, 0% used [0x00000000d5a00000,0x00000000d5a00000,0x00000000d5b00000)
 ParOldGen       total 1078272K, used 1078056K [0x0000000080000000, 0x00000000c1d00000, 0x00000000d5580000)
  object space 1078272K, 99% used [0x0000000080000000,0x00000000c1cca158,0x00000000c1d00000)
 Metaspace       used 91675K, committed 93504K, reserved 1179648K
  class space    used 9379K, committed 10176K, reserved 1048576K
}
Event: 15629.368 GC heap before
{Heap before GC invocations=1664 (full 4):
 PSYoungGen      total 4096K, used 4064K [0x00000000d5580000, 0x00000000d5b00000, 0x0000000100000000)
  eden space 3584K, 100% used [0x00000000d5580000,0x00000000d5900000,0x00000000d5900000)
  from space 512K, 93% used [0x00000000d5980000,0x00000000d59f8000,0x00000000d5a00000)
  to   space 1024K, 0% used [0x00000000d5a00000,0x00000000d5a00000,0x00000000d5b00000)
 ParOldGen       total 1078272K, used 1078056K [0x0000000080000000, 0x00000000c1d00000, 0x00000000d5580000)
  object space 1078272K, 99% used [0x0000000080000000,0x00000000c1cca158,0x00000000c1d00000)
 Metaspace       used 92108K, committed 93952K, reserved 1179648K
  class space    used 9449K, committed 10240K, reserved 1048576K
}
Event: 15629.370 GC heap after
{Heap after GC invocations=1664 (full 4):
 PSYoungGen      total 4096K, used 383K [0x00000000d5580000, 0x00000000d5a80000, 0x0000000100000000)
  eden space 3584K, 0% used [0x00000000d5580000,0x00000000d5580000,0x00000000d5900000)
  from space 512K, 74% used [0x00000000d5a00000,0x00000000d5a5fc48,0x00000000d5a80000)
  to   space 512K, 0% used [0x00000000d5980000,0x00000000d5980000,0x00000000d5a00000)
 ParOldGen       total 1078784K, used 1078440K [0x0000000080000000, 0x00000000c1d80000, 0x00000000d5580000)
  object space 1078784K, 99% used [0x0000000080000000,0x00000000c1d2a158,0x00000000c1d80000)
 Metaspace       used 92108K, committed 93952K, reserved 1179648K
  class space    used 9449K, committed 10240K, reserved 1048576K
}
Event: 15629.545 GC heap before
{Heap before GC invocations=1665 (full 4):
 PSYoungGen      total 4096K, used 3967K [0x00000000d5580000, 0x00000000d5a80000, 0x0000000100000000)
  eden space 3584K, 100% used [0x00000000d5580000,0x00000000d5900000,0x00000000d5900000)
  from space 512K, 74% used [0x00000000d5a00000,0x00000000d5a5fc48,0x00000000d5a80000)
  to   space 512K, 0% used [0x00000000d5980000,0x00000000d5980000,0x00000000d5a00000)
 ParOldGen       total 1078784K, used 1078440K [0x0000000080000000, 0x00000000c1d80000, 0x00000000d5580000)
  object space 1078784K, 99% used [0x0000000080000000,0x00000000c1d2a158,0x00000000c1d80000)
 Metaspace       used 92619K, committed 94464K, reserved 1179648K
  class space    used 9520K, committed 10304K, reserved 1048576K
}
Event: 15629.547 GC heap after
{Heap after GC invocations=1665 (full 4):
 PSYoungGen      total 4096K, used 192K [0x00000000d5580000, 0x00000000d5a80000, 0x0000000100000000)
  eden space 3584K, 0% used [0x00000000d5580000,0x00000000d5580000,0x00000000d5900000)
  from space 512K, 37% used [0x00000000d5980000,0x00000000d59b0000,0x00000000d5a00000)
  to   space 512K, 0% used [0x00000000d5a00000,0x00000000d5a00000,0x00000000d5a80000)
 ParOldGen       total 1078784K, used 1078728K [0x0000000080000000, 0x00000000c1d80000, 0x00000000d5580000)
  object space 1078784K, 99% used [0x0000000080000000,0x00000000c1d722c0,0x00000000c1d80000)
 Metaspace       used 92619K, committed 94464K, reserved 1179648K
  class space    used 9520K, committed 10304K, reserved 1048576K
}
Event: 15629.678 GC heap before
{Heap before GC invocations=1666 (full 4):
 PSYoungGen      total 4096K, used 3776K [0x00000000d5580000, 0x00000000d5a80000, 0x0000000100000000)
  eden space 3584K, 100% used [0x00000000d5580000,0x00000000d5900000,0x00000000d5900000)
  from space 512K, 37% used [0x00000000d5980000,0x00000000d59b0000,0x00000000d5a00000)
  to   space 512K, 0% used [0x00000000d5a00000,0x00000000d5a00000,0x00000000d5a80000)
 ParOldGen       total 1078784K, used 1078728K [0x0000000080000000, 0x00000000c1d80000, 0x00000000d5580000)
  object space 1078784K, 99% used [0x0000000080000000,0x00000000c1d722c0,0x00000000c1d80000)
 Metaspace       used 93428K, committed 95296K, reserved 1179648K
  class space    used 9644K, committed 10432K, reserved 1048576K
}
Event: 15629.685 GC heap after
{Heap after GC invocations=1666 (full 4):
 PSYoungGen      total 4096K, used 224K [0x00000000d5580000, 0x00000000d5a80000, 0x0000000100000000)
  eden space 3584K, 0% used [0x00000000d5580000,0x00000000d5580000,0x00000000d5900000)
  from space 512K, 43% used [0x00000000d5a00000,0x00000000d5a38000,0x00000000d5a80000)
  to   space 512K, 0% used [0x00000000d5980000,0x00000000d5980000,0x00000000d5a00000)
 ParOldGen       total 1079296K, used 1078808K [0x0000000080000000, 0x00000000c1e00000, 0x00000000d5580000)
  object space 1079296K, 99% used [0x0000000080000000,0x00000000c1d862c0,0x00000000c1e00000)
 Metaspace       used 93428K, committed 95296K, reserved 1179648K
  class space    used 9644K, committed 10432K, reserved 1048576K
}

