# JRE version: OpenJDK Runtime Environment Temurin-17.0.18+8 (17.0.18+8) (build 17.0.18+8)
# Java VM: OpenJDK 64-Bit Server VM Temurin-17.0.18+8 (17.0.18+8, mixed mode, sharing, tiered, compressed oops, compressed class ptrs, g1 gc, windows-amd64)
GC Precious Log:
 CPUs: 6 total, 6 available
 Memory: 7564M
 Large Page Support: Disabled
 NUMA Support: Disabled
 Compressed Oops: Enabled (32-bit)
 Heap Region Size: 1M
 Heap Min Capacity: 8M
 Heap Initial Capacity: 120M
 Heap Max Capacity: 1892M
 Pre-touch: Disabled
 Parallel Workers: 6
 Concurrent Workers: 2
 Concurrent Refinement Workers: 6
 Periodic GC: Disabled
Heap:
 garbage-first heap   total 45056K, used 27723K [0x0000000089c00000, 0x0000000100000000)
  region size 1024K, 7 young (7168K), 2 survivors (2048K)
 Metaspace       used 48275K, committed 48832K, reserved 1114112K
  class space    used 5855K, committed 6144K, reserved 1048576K
GC Heap History (20 events):
Event: 7.226 GC heap before
{Heap before GC invocations=5 (full 0):
 garbage-first heap   total 45056K, used 14307K [0x0000000089c00000, 0x0000000100000000)
  region size 1024K, 3 young (3072K), 2 survivors (2048K)
 Metaspace       used 25710K, committed 26176K, reserved 1114112K
  class space    used 3199K, committed 3392K, reserved 1048576K
}
Event: 7.231 GC heap after
{Heap after GC invocations=6 (full 0):
 garbage-first heap   total 45056K, used 13841K [0x0000000089c00000, 0x0000000100000000)
  region size 1024K, 1 young (1024K), 1 survivors (1024K)
 Metaspace       used 25710K, committed 26176K, reserved 1114112K
  class space    used 3199K, committed 3392K, reserved 1048576K
}
Event: 8.287 GC heap before
{Heap before GC invocations=6 (full 0):
 garbage-first heap   total 45056K, used 30225K [0x0000000089c00000, 0x0000000100000000)
  region size 1024K, 18 young (18432K), 1 survivors (1024K)
 Metaspace       used 28680K, committed 29120K, reserved 1114112K
  class space    used 3597K, committed 3840K, reserved 1048576K
}
Event: 8.293 GC heap after
{Heap after GC invocations=7 (full 0):
 garbage-first heap   total 45056K, used 15186K [0x0000000089c00000, 0x0000000100000000)
  region size 1024K, 2 young (2048K), 2 survivors (2048K)
 Metaspace       used 28680K, committed 29120K, reserved 1114112K
  class space    used 3597K, committed 3840K, reserved 1048576K
}
Event: 9.210 GC heap before
{Heap before GC invocations=7 (full 0):
 garbage-first heap   total 45056K, used 32594K [0x0000000089c00000, 0x0000000100000000)
  region size 1024K, 19 young (19456K), 2 survivors (2048K)
 Metaspace       used 30860K, committed 31296K, reserved 1114112K
  class space    used 3892K, committed 4096K, reserved 1048576K
}
Event: 9.215 GC heap after
{Heap after GC invocations=8 (full 0):
 garbage-first heap   total 45056K, used 16759K [0x0000000089c00000, 0x0000000100000000)
  region size 1024K, 2 young (2048K), 2 survivors (2048K)
 Metaspace       used 30860K, committed 31296K, reserved 1114112K
  class space    used 3892K, committed 4096K, reserved 1048576K
}
Event: 10.550 GC heap before
{Heap before GC invocations=8 (full 0):
 garbage-first heap   total 45056K, used 33143K [0x0000000089c00000, 0x0000000100000000)
  region size 1024K, 18 young (18432K), 2 survivors (2048K)
 Metaspace       used 34805K, committed 35264K, reserved 1114112K
  class space    used 4377K, committed 4608K, reserved 1048576K
}
Event: 10.554 GC heap after
{Heap after GC invocations=9 (full 0):
 garbage-first heap   total 45056K, used 17885K [0x0000000089c00000, 0x0000000100000000)
  region size 1024K, 3 young (3072K), 3 survivors (3072K)
 Metaspace       used 34805K, committed 35264K, reserved 1114112K
  class space    used 4377K, committed 4608K, reserved 1048576K
}
Event: 10.760 GC heap before
{Heap before GC invocations=9 (full 0):
 garbage-first heap   total 45056K, used 21981K [0x0000000089c00000, 0x0000000100000000)
  region size 1024K, 8 young (8192K), 3 survivors (3072K)
 Metaspace       used 35699K, committed 36160K, reserved 1114112K
  class space    used 4451K, committed 4672K, reserved 1048576K
}
Event: 10.765 GC heap after
{Heap after GC invocations=10 (full 0):
 garbage-first heap   total 45056K, used 18391K [0x0000000089c00000, 0x0000000100000000)
  region size 1024K, 2 young (2048K), 2 survivors (2048K)
 Metaspace       used 35699K, committed 36160K, reserved 1114112K
  class space    used 4451K, committed 4672K, reserved 1048576K
}
Event: 11.695 GC heap before
{Heap before GC invocations=11 (full 0):
 garbage-first heap   total 45056K, used 32727K [0x0000000089c00000, 0x0000000100000000)
  region size 1024K, 17 young (17408K), 2 survivors (2048K)
 Metaspace       used 40077K, committed 40576K, reserved 1114112K
  class space    used 4774K, committed 4992K, reserved 1048576K
}
Event: 11.698 GC heap after
{Heap after GC invocations=12 (full 0):
 garbage-first heap   total 45056K, used 19172K [0x0000000089c00000, 0x0000000100000000)
  region size 1024K, 2 young (2048K), 2 survivors (2048K)
 Metaspace       used 40077K, committed 40576K, reserved 1114112K
  class space    used 4774K, committed 4992K, reserved 1048576K
}
Event: 18.950 GC heap before
{Heap before GC invocations=12 (full 0):
 garbage-first heap   total 45056K, used 34532K [0x0000000089c00000, 0x0000000100000000)
  region size 1024K, 17 young (17408K), 2 survivors (2048K)
 Metaspace       used 43261K, committed 43776K, reserved 1114112K
  class space    used 5261K, committed 5504K, reserved 1048576K
}
Event: 18.955 GC heap after
{Heap after GC invocations=13 (full 0):
 garbage-first heap   total 45056K, used 20118K [0x0000000089c00000, 0x0000000100000000)
  region size 1024K, 3 young (3072K), 3 survivors (3072K)
 Metaspace       used 43261K, committed 43776K, reserved 1114112K
  class space    used 5261K, committed 5504K, reserved 1048576K
}
Event: 21.414 GC heap before
{Heap before GC invocations=13 (full 0):
 garbage-first heap   total 45056K, used 34454K [0x0000000089c00000, 0x0000000100000000)
  region size 1024K, 17 young (17408K), 3 survivors (3072K)
 Metaspace       used 46295K, committed 46784K, reserved 1114112K
  class space    used 5649K, committed 5888K, reserved 1048576K
}
Event: 21.422 GC heap after
{Heap after GC invocations=14 (full 0):
 garbage-first heap   total 45056K, used 22340K [0x0000000089c00000, 0x0000000100000000)
  region size 1024K, 3 young (3072K), 3 survivors (3072K)
 Metaspace       used 46295K, committed 46784K, reserved 1114112K
  class space    used 5649K, committed 5888K, reserved 1048576K
}
Event: 45.713 GC heap before
{Heap before GC invocations=14 (full 0):
 garbage-first heap   total 45056K, used 33604K [0x0000000089c00000, 0x0000000100000000)
  region size 1024K, 15 young (15360K), 3 survivors (3072K)
 Metaspace       used 47978K, committed 48448K, reserved 1114112K
  class space    used 5835K, committed 6080K, reserved 1048576K
}
Event: 45.720 GC heap after
{Heap after GC invocations=15 (full 0):
 garbage-first heap   total 45056K, used 23710K [0x0000000089c00000, 0x0000000100000000)
  region size 1024K, 2 young (2048K), 2 survivors (2048K)
 Metaspace       used 47978K, committed 48448K, reserved 1114112K
  class space    used 5835K, committed 6080K, reserved 1048576K
}
Event: 110.761 GC heap before
{Heap before GC invocations=15 (full 0):
 garbage-first heap   total 45056K, used 34974K [0x0000000089c00000, 0x0000000100000000)
  region size 1024K, 13 young (13312K), 2 survivors (2048K)
 Metaspace       used 48222K, committed 48768K, reserved 1114112K
  class space    used 5856K, committed 6144K, reserved 1048576K
}
Event: 110.808 GC heap after
{Heap after GC invocations=16 (full 0):
 garbage-first heap   total 45056K, used 23627K [0x0000000089c00000, 0x0000000100000000)
  region size 1024K, 2 young (2048K), 2 survivors (2048K)
 Metaspace       used 48222K, committed 48768K, reserved 1114112K
  class space    used 5856K, committed 6144K, reserved 1048576K
}

