# JRE version: OpenJDK Runtime Environment Temurin-17.0.18+8 (17.0.18+8) (build 17.0.18+8)
# Java VM: OpenJDK 64-Bit Server VM Temurin-17.0.18+8 (17.0.18+8, mixed mode, sharing, tiered, compressed oops, compressed class ptrs, g1 gc, windows-amd64)
GC Precious Log:
 CPUs: 6 total, 6 available
 Memory: 7564M
 Large Page Support: Disabled
 NUMA Support: Disabled
 Compressed Oops: Enabled (32-bit)
 Heap Region Size: 1M
 Heap Min Capacity: 8M
 Heap Initial Capacity: 120M
 Heap Max Capacity: 1892M
 Pre-touch: Disabled
 Parallel Workers: 6
 Concurrent Workers: 2
 Concurrent Refinement Workers: 6
 Periodic GC: Disabled
Heap:
 garbage-first heap   total 68608K, used 32094K [0x0000000089c00000, 0x0000000100000000)
  region size 1024K, 11 young (11264K), 1 survivors (1024K)
 Metaspace       used 48908K, committed 49472K, reserved 1114112K
  class space    used 5857K, committed 6144K, reserved 1048576K
GC Heap History (20 events):
Event: 436.081 GC heap before
{Heap before GC invocations=20 (full 0):
 garbage-first heap   total 45056K, used 36125K [0x0000000089c00000, 0x0000000100000000)
  region size 1024K, 14 young (14336K), 1 survivors (1024K)
 Metaspace       used 47951K, committed 48512K, reserved 1114112K
  class space    used 5784K, committed 6080K, reserved 1048576K
}
Event: 436.087 GC heap after
{Heap after GC invocations=21 (full 0):
 garbage-first heap   total 45056K, used 22843K [0x0000000089c00000, 0x0000000100000000)
  region size 1024K, 1 young (1024K), 1 survivors (1024K)
 Metaspace       used 47951K, committed 48512K, reserved 1114112K
  class space    used 5784K, committed 6080K, reserved 1048576K
}
Event: 549.826 GC heap before
{Heap before GC invocations=21 (full 0):
 garbage-first heap   total 45056K, used 36155K [0x0000000089c00000, 0x0000000100000000)
  region size 1024K, 14 young (14336K), 1 survivors (1024K)
 Metaspace       used 48042K, committed 48640K, reserved 1114112K
  class space    used 5789K, committed 6080K, reserved 1048576K
}
Event: 549.872 GC heap after
{Heap after GC invocations=22 (full 0):
 garbage-first heap   total 45056K, used 22791K [0x0000000089c00000, 0x0000000100000000)
  region size 1024K, 1 young (1024K), 1 survivors (1024K)
 Metaspace       used 48042K, committed 48640K, reserved 1114112K
  class space    used 5789K, committed 6080K, reserved 1048576K
}
Event: 846.891 GC heap before
{Heap before GC invocations=23 (full 0):
 garbage-first heap   total 45056K, used 37127K [0x0000000089c00000, 0x0000000100000000)
  region size 1024K, 15 young (15360K), 1 survivors (1024K)
 Metaspace       used 48561K, committed 49152K, reserved 1114112K
  class space    used 5856K, committed 6144K, reserved 1048576K
}
Event: 846.945 GC heap after
{Heap after GC invocations=24 (full 0):
 garbage-first heap   total 45056K, used 22907K [0x0000000089c00000, 0x0000000100000000)
  region size 1024K, 1 young (1024K), 1 survivors (1024K)
 Metaspace       used 48561K, committed 49152K, reserved 1114112K
  class space    used 5856K, committed 6144K, reserved 1048576K
}
Event: 1039.781 GC heap before
{Heap before GC invocations=24 (full 0):
 garbage-first heap   total 45056K, used 37243K [0x0000000089c00000, 0x0000000100000000)
  region size 1024K, 15 young (15360K), 1 survivors (1024K)
 Metaspace       used 48583K, committed 49152K, reserved 1114112K
  class space    used 5856K, committed 6144K, reserved 1048576K
}
Event: 1039.860 GC heap after
{Heap after GC invocations=25 (full 0):
 garbage-first heap   total 45056K, used 22887K [0x0000000089c00000, 0x0000000100000000)
  region size 1024K, 1 young (1024K), 1 survivors (1024K)
 Metaspace       used 48583K, committed 49152K, reserved 1114112K
  class space    used 5856K, committed 6144K, reserved 1048576K
}
Event: 1225.824 GC heap before
{Heap before GC invocations=26 (full 0):
 garbage-first heap   total 45056K, used 37223K [0x0000000089c00000, 0x0000000100000000)
  region size 1024K, 15 young (15360K), 1 survivors (1024K)
 Metaspace       used 48641K, committed 49216K, reserved 1114112K
  class space    used 5856K, committed 6144K, reserved 1048576K
}
Event: 1225.868 GC heap after
{Heap after GC invocations=27 (full 0):
 garbage-first heap   total 45056K, used 22902K [0x0000000089c00000, 0x0000000100000000)
  region size 1024K, 1 young (1024K), 1 survivors (1024K)
 Metaspace       used 48641K, committed 49216K, reserved 1114112K
  class space    used 5856K, committed 6144K, reserved 1048576K
}
Event: 1422.671 GC heap before
{Heap before GC invocations=27 (full 0):
 garbage-first heap   total 45056K, used 38262K [0x0000000089c00000, 0x0000000100000000)
  region size 1024K, 16 young (16384K), 1 survivors (1024K)
 Metaspace       used 48677K, committed 49280K, reserved 1114112K
  class space    used 5856K, committed 6144K, reserved 1048576K
}
Event: 1422.772 GC heap after
{Heap after GC invocations=28 (full 0):
 garbage-first heap   total 45056K, used 22921K [0x0000000089c00000, 0x0000000100000000)
  region size 1024K, 1 young (1024K), 1 survivors (1024K)
 Metaspace       used 48677K, committed 49280K, reserved 1114112K
  class space    used 5856K, committed 6144K, reserved 1048576K
}
Event: 1623.278 GC heap before
{Heap before GC invocations=29 (full 0):
 garbage-first heap   total 45056K, used 38281K [0x0000000089c00000, 0x0000000100000000)
  region size 1024K, 16 young (16384K), 1 survivors (1024K)
 Metaspace       used 48679K, committed 49280K, reserved 1114112K
  class space    used 5856K, committed 6144K, reserved 1048576K
}
Event: 1623.335 GC heap after
{Heap after GC invocations=30 (full 0):
 garbage-first heap   total 68608K, used 22883K [0x0000000089c00000, 0x0000000100000000)
  region size 1024K, 1 young (1024K), 1 survivors (1024K)
 Metaspace       used 48679K, committed 49280K, reserved 1114112K
  class space    used 5856K, committed 6144K, reserved 1048576K
}
Event: 2037.467 GC heap before
{Heap before GC invocations=30 (full 0):
 garbage-first heap   total 68608K, used 58723K [0x0000000089c00000, 0x0000000100000000)
  region size 1024K, 36 young (36864K), 1 survivors (1024K)
 Metaspace       used 48736K, committed 49344K, reserved 1114112K
  class space    used 5857K, committed 6144K, reserved 1048576K
}
Event: 2037.557 GC heap after
{Heap after GC invocations=31 (full 0):
 garbage-first heap   total 68608K, used 22913K [0x0000000089c00000, 0x0000000100000000)
  region size 1024K, 1 young (1024K), 1 survivors (1024K)
 Metaspace       used 48736K, committed 49344K, reserved 1114112K
  class space    used 5857K, committed 6144K, reserved 1048576K
}
Event: 2497.610 GC heap before
{Heap before GC invocations=31 (full 0):
 garbage-first heap   total 68608K, used 58753K [0x0000000089c00000, 0x0000000100000000)
  region size 1024K, 36 young (36864K), 1 survivors (1024K)
 Metaspace       used 48833K, committed 49408K, reserved 1114112K
  class space    used 5857K, committed 6144K, reserved 1048576K
}
Event: 2497.657 GC heap after
{Heap after GC invocations=32 (full 0):
 garbage-first heap   total 68608K, used 22876K [0x0000000089c00000, 0x0000000100000000)
  region size 1024K, 1 young (1024K), 1 survivors (1024K)
 Metaspace       used 48833K, committed 49408K, reserved 1114112K
  class space    used 5857K, committed 6144K, reserved 1048576K
}
Event: 2972.152 GC heap before
{Heap before GC invocations=32 (full 0):
 garbage-first heap   total 68608K, used 59740K [0x0000000089c00000, 0x0000000100000000)
  region size 1024K, 37 young (37888K), 1 survivors (1024K)
 Metaspace       used 48907K, committed 49472K, reserved 1114112K
  class space    used 5857K, committed 6144K, reserved 1048576K
}
Event: 2972.229 GC heap after
{Heap after GC invocations=33 (full 0):
 garbage-first heap   total 68608K, used 22878K [0x0000000089c00000, 0x0000000100000000)
  region size 1024K, 1 young (1024K), 1 survivors (1024K)
 Metaspace       used 48907K, committed 49472K, reserved 1114112K
  class space    used 5857K, committed 6144K, reserved 1048576K
}

